<?xml version="1.0" encoding="UTF-8"?>
<!-- Generated by org.testng.reporters.JUnitReportReporter -->
<testsuite hostname="LenLap2020" failures="4" tests="181" name="runner.TestRunner" time="365.121" errors="0" timestamp="2023-05-22T20:00:12 PDT" skipped="0">
  <testcase classname="runner.TestRunner" name="runScenario" time="2.651"/>
  <system-out/>
  <testcase classname="runner.TestRunner" name="runScenario" time="2.479"/>
  <system-out/>
  <testcase classname="runner.TestRunner" name="runScenario" time="2.708"/>
  <system-out/>
  <testcase classname="runner.TestRunner" name="runScenario" time="0.862"/>
  <system-out/>
  <testcase classname="runner.TestRunner" name="runScenario" time="2.919"/>
  <system-out/>
  <testcase classname="runner.TestRunner" name="runScenario" time="4.170">
    <failure message="User gets submission message expected [submission success] but found [ Some Tests failed. Please review code]" type="java.lang.AssertionError">
      <![CDATA[java.lang.AssertionError: User gets submission message expected [submission success] but found [ Some Tests failed. Please review code]
at org.testng.Assert.fail(Assert.java:110)
at org.testng.Assert.failNotEquals(Assert.java:1413)
at org.testng.Assert.assertEqualsImpl(Assert.java:149)
at org.testng.Assert.assertEquals(Assert.java:131)
at org.testng.Assert.assertEquals(Assert.java:655)
at stepdefinition.ArrayPage_SD.user_should_get_success_submission_message(ArrayPage_SD.java:265)
at ✽.User should get success submission message(file:///C:/Eclipse/Fenisha/Ds-algo/src/test/resources/Features/TC05_Array.feature:186)
]]>
    </failure>
  </testcase> <!-- runScenario -->
  <system-out/>
  <testcase classname="runner.TestRunner" name="runScenario" time="1.881"/>
  <system-out/>
  <testcase classname="runner.TestRunner" name="runScenario" time="2.197"/>
  <system-out/>
  <testcase classname="runner.TestRunner" name="runScenario" time="3.731">
    <failure message="User gets submission message expected [submission success] but found [Error occurred during submission]" type="java.lang.AssertionError">
      <![CDATA[java.lang.AssertionError: User gets submission message expected [submission success] but found [Error occurred during submission]
at org.testng.Assert.fail(Assert.java:110)
at org.testng.Assert.failNotEquals(Assert.java:1413)
at org.testng.Assert.assertEqualsImpl(Assert.java:149)
at org.testng.Assert.assertEquals(Assert.java:131)
at org.testng.Assert.assertEquals(Assert.java:655)
at stepdefinition.ArrayPage_SD.user_should_get_success_submission_message(ArrayPage_SD.java:265)
at ✽.User should get success submission message(file:///C:/Eclipse/Fenisha/Ds-algo/src/test/resources/Features/TC05_Array.feature:212)
]]>
    </failure>
  </testcase> <!-- runScenario -->
  <system-out/>
  <testcase classname="runner.TestRunner" name="runScenario" time="1.159"/>
  <system-out/>
  <testcase classname="runner.TestRunner" name="runScenario" time="2.270"/>
  <system-out/>
  <testcase classname="runner.TestRunner" name="runScenario" time="0.882"/>
  <system-out/>
  <testcase classname="runner.TestRunner" name="runScenario" time="1.579"/>
  <system-out/>
  <testcase classname="runner.TestRunner" name="runScenario" time="1.552"/>
  <system-out/>
  <testcase classname="runner.TestRunner" name="runScenario" time="0.605"/>
  <system-out/>
  <testcase classname="runner.TestRunner" name="runScenario" time="2.274"/>
  <system-out/>
  <testcase classname="runner.TestRunner" name="runScenario" time="2.043"/>
  <system-out/>
  <testcase classname="runner.TestRunner" name="runScenario" time="1.942"/>
  <system-out/>
  <testcase classname="runner.TestRunner" name="runScenario" time="3.078"/>
  <system-out/>
  <testcase classname="runner.TestRunner" name="runScenario" time="2.145"/>
  <system-out/>
  <testcase classname="runner.TestRunner" name="runScenario" time="1.832"/>
  <system-out/>
  <testcase classname="runner.TestRunner" name="runScenario" time="0.429"/>
  <system-out/>
  <testcase classname="runner.TestRunner" name="runScenario" time="1.617"/>
  <system-out/>
  <testcase classname="runner.TestRunner" name="runScenario" time="1.583"/>
  <system-out/>
  <testcase classname="runner.TestRunner" name="runScenario" time="1.194"/>
  <system-out/>
  <testcase classname="runner.TestRunner" name="runScenario" time="1.760"/>
  <system-out/>
  <testcase classname="runner.TestRunner" name="runScenario" time="1.043"/>
  <system-out/>
  <testcase classname="runner.TestRunner" name="runScenario" time="1.990"/>
  <system-out/>
  <testcase classname="runner.TestRunner" name="runScenario" time="0.733"/>
  <system-out/>
  <testcase classname="runner.TestRunner" name="runScenario" time="2.130"/>
  <system-out/>
  <testcase classname="runner.TestRunner" name="runScenario" time="2.855"/>
  <system-out/>
  <testcase classname="runner.TestRunner" name="runScenario" time="4.212">
    <failure message="User gets submission message expected [submission success] but found [ Some Tests failed. Please review code]" type="java.lang.AssertionError">
      <![CDATA[java.lang.AssertionError: User gets submission message expected [submission success] but found [ Some Tests failed. Please review code]
at org.testng.Assert.fail(Assert.java:110)
at org.testng.Assert.failNotEquals(Assert.java:1413)
at org.testng.Assert.assertEqualsImpl(Assert.java:149)
at org.testng.Assert.assertEquals(Assert.java:131)
at org.testng.Assert.assertEquals(Assert.java:655)
at stepdefinition.ArrayPage_SD.user_should_get_success_submission_message(ArrayPage_SD.java:265)
at ✽.User should get success submission message(file:///C:/Eclipse/Fenisha/Ds-algo/src/test/resources/Features/TC05_Array.feature:160)
]]>
    </failure>
  </testcase> <!-- runScenario -->
  <system-out/>
  <testcase classname="runner.TestRunner" name="runScenario" time="2.512"/>
  <system-out/>
  <testcase classname="runner.TestRunner" name="runScenario" time="3.002"/>
  <system-out/>
  <testcase classname="runner.TestRunner" name="runScenario" time="1.681"/>
  <system-out/>
  <testcase classname="runner.TestRunner" name="runScenario" time="2.658"/>
  <system-out/>
  <testcase classname="runner.TestRunner" name="runScenario" time="3.312"/>
  <system-out/>
  <testcase classname="runner.TestRunner" name="runScenario" time="2.057"/>
  <system-out/>
  <testcase classname="runner.TestRunner" name="runScenario" time="2.436"/>
  <system-out/>
  <testcase classname="runner.TestRunner" name="runScenario" time="1.926"/>
  <system-out/>
  <testcase classname="runner.TestRunner" name="runScenario" time="3.091"/>
  <system-out/>
  <testcase classname="runner.TestRunner" name="runScenario" time="1.925"/>
  <system-out/>
  <testcase classname="runner.TestRunner" name="runScenario" time="1.642"/>
  <system-out/>
  <testcase classname="runner.TestRunner" name="runScenario" time="2.684"/>
  <system-out/>
  <testcase classname="runner.TestRunner" name="runScenario" time="2.292"/>
  <system-out/>
  <testcase classname="runner.TestRunner" name="runScenario" time="1.746"/>
  <system-out/>
  <testcase classname="runner.TestRunner" name="runScenario" time="0.822"/>
  <system-out/>
  <testcase classname="runner.TestRunner" name="runScenario" time="0.322"/>
  <system-out/>
  <testcase classname="runner.TestRunner" name="runScenario" time="2.843"/>
  <system-out/>
  <testcase classname="runner.TestRunner" name="runScenario" time="0.592"/>
  <system-out/>
  <testcase classname="runner.TestRunner" name="runScenario" time="2.435"/>
  <system-out/>
  <testcase classname="runner.TestRunner" name="runScenario" time="2.520"/>
  <system-out/>
  <testcase classname="runner.TestRunner" name="runScenario" time="3.054"/>
  <system-out/>
  <testcase classname="runner.TestRunner" name="runScenario" time="2.207"/>
  <system-out/>
  <testcase classname="runner.TestRunner" name="runScenario" time="3.161"/>
  <system-out/>
  <testcase classname="runner.TestRunner" name="runScenario" time="0.883"/>
  <system-out/>
  <testcase classname="runner.TestRunner" name="runScenario" time="1.253"/>
  <system-out/>
  <testcase classname="runner.TestRunner" name="runScenario" time="1.494"/>
  <system-out/>
  <testcase classname="runner.TestRunner" name="runScenario" time="2.936"/>
  <system-out/>
  <testcase classname="runner.TestRunner" name="runScenario" time="1.862"/>
  <system-out/>
  <testcase classname="runner.TestRunner" name="runScenario" time="1.553"/>
  <system-out/>
  <testcase classname="runner.TestRunner" name="runScenario" time="2.404"/>
  <system-out/>
  <testcase classname="runner.TestRunner" name="runScenario" time="0.745"/>
  <system-out/>
  <testcase classname="runner.TestRunner" name="runScenario" time="3.271"/>
  <system-out/>
  <testcase classname="runner.TestRunner" name="runScenario" time="2.050"/>
  <system-out/>
  <testcase classname="runner.TestRunner" name="runScenario" time="0.849"/>
  <system-out/>
  <testcase classname="runner.TestRunner" name="runScenario" time="2.819"/>
  <system-out/>
  <testcase classname="runner.TestRunner" name="runScenario" time="3.791">
    <failure message="User gets submission message expected [submission success] but found [ No tests were collected]" type="java.lang.AssertionError">
      <![CDATA[java.lang.AssertionError: User gets submission message expected [submission success] but found [ No tests were collected]
at org.testng.Assert.fail(Assert.java:110)
at org.testng.Assert.failNotEquals(Assert.java:1413)
at org.testng.Assert.assertEqualsImpl(Assert.java:149)
at org.testng.Assert.assertEquals(Assert.java:131)
at org.testng.Assert.assertEquals(Assert.java:655)
at stepdefinition.ArrayPage_SD.user_should_get_success_submission_message(ArrayPage_SD.java:265)
at ✽.User should get success submission message(file:///C:/Eclipse/Fenisha/Ds-algo/src/test/resources/Features/TC05_Array.feature:238)
]]>
    </failure>
  </testcase> <!-- runScenario -->
  <system-out/>
  <testcase classname="runner.TestRunner" name="runScenario" time="1.657"/>
  <system-out/>
  <testcase classname="runner.TestRunner" name="runScenario" time="1.617"/>
  <system-out/>
  <testcase classname="runner.TestRunner" name="runScenario" time="1.807"/>
  <system-out/>
  <testcase classname="runner.TestRunner" name="runScenario" time="1.449"/>
  <system-out/>
  <testcase classname="runner.TestRunner" name="runScenario" time="2.544"/>
  <system-out/>
  <testcase classname="runner.TestRunner" name="runScenario" time="1.243"/>
  <system-out/>
  <testcase classname="runner.TestRunner" name="runScenario" time="1.838"/>
  <system-out/>
  <testcase classname="runner.TestRunner" name="runScenario" time="0.763"/>
  <system-out/>
  <testcase classname="runner.TestRunner" name="runScenario" time="0.942"/>
  <system-out/>
  <testcase classname="runner.TestRunner" name="runScenario" time="2.502"/>
  <system-out/>
  <testcase classname="runner.TestRunner" name="runScenario" time="2.020"/>
  <system-out/>
  <testcase classname="runner.TestRunner" name="runScenario" time="0.325"/>
  <system-out/>
  <testcase classname="runner.TestRunner" name="runScenario" time="2.749"/>
  <system-out/>
  <testcase classname="runner.TestRunner" name="runScenario" time="0.822"/>
  <system-out/>
  <testcase classname="runner.TestRunner" name="runScenario" time="1.893"/>
  <system-out/>
  <testcase classname="runner.TestRunner" name="runScenario" time="1.237"/>
  <system-out/>
  <testcase classname="runner.TestRunner" name="runScenario" time="2.971"/>
  <system-out/>
  <testcase classname="runner.TestRunner" name="runScenario" time="1.764"/>
  <system-out/>
  <testcase classname="runner.TestRunner" name="runScenario" time="0.792"/>
  <system-out/>
  <testcase classname="runner.TestRunner" name="runScenario" time="1.995"/>
  <system-out/>
  <testcase classname="runner.TestRunner" name="runScenario" time="1.811"/>
  <system-out/>
  <testcase classname="runner.TestRunner" name="runScenario" time="2.907"/>
  <system-out/>
  <testcase classname="runner.TestRunner" name="runScenario" time="2.523"/>
  <system-out/>
  <testcase classname="runner.TestRunner" name="runScenario" time="1.591"/>
  <system-out/>
  <testcase classname="runner.TestRunner" name="runScenario" time="2.816"/>
  <system-out/>
  <testcase classname="runner.TestRunner" name="runScenario" time="1.692"/>
  <system-out/>
  <testcase classname="runner.TestRunner" name="runScenario" time="2.884"/>
  <system-out/>
  <testcase classname="runner.TestRunner" name="runScenario" time="3.211"/>
  <system-out/>
  <testcase classname="runner.TestRunner" name="runScenario" time="1.873"/>
  <system-out/>
  <testcase classname="runner.TestRunner" name="runScenario" time="2.212"/>
  <system-out/>
  <testcase classname="runner.TestRunner" name="runScenario" time="2.701"/>
  <system-out/>
  <testcase classname="runner.TestRunner" name="runScenario" time="2.002"/>
  <system-out/>
  <testcase classname="runner.TestRunner" name="runScenario" time="2.204"/>
  <system-out/>
  <testcase classname="runner.TestRunner" name="runScenario" time="2.076"/>
  <system-out/>
  <testcase classname="runner.TestRunner" name="runScenario" time="2.684"/>
  <system-out/>
  <testcase classname="runner.TestRunner" name="runScenario" time="2.668"/>
  <system-out/>
  <testcase classname="runner.TestRunner" name="runScenario" time="0.765"/>
  <system-out/>
  <testcase classname="runner.TestRunner" name="runScenario" time="1.611"/>
  <system-out/>
  <testcase classname="runner.TestRunner" name="runScenario" time="3.101"/>
  <system-out/>
  <testcase classname="runner.TestRunner" name="runScenario" time="0.540"/>
  <system-out/>
  <testcase classname="runner.TestRunner" name="runScenario" time="0.435"/>
  <system-out/>
  <testcase classname="runner.TestRunner" name="runScenario" time="1.532"/>
  <system-out/>
  <testcase classname="runner.TestRunner" name="runScenario" time="1.584"/>
  <system-out/>
  <testcase classname="runner.TestRunner" name="runScenario" time="2.563"/>
  <system-out/>
  <testcase classname="runner.TestRunner" name="runScenario" time="2.381"/>
  <system-out/>
  <testcase classname="runner.TestRunner" name="runScenario" time="2.750"/>
  <system-out/>
  <testcase classname="runner.TestRunner" name="runScenario" time="0.822"/>
  <system-out/>
  <testcase classname="runner.TestRunner" name="runScenario" time="1.753"/>
  <system-out/>
  <testcase classname="runner.TestRunner" name="runScenario" time="0.627"/>
  <system-out/>
  <testcase classname="runner.TestRunner" name="runScenario" time="1.932"/>
  <system-out/>
  <testcase classname="runner.TestRunner" name="runScenario" time="2.739"/>
  <system-out/>
  <testcase classname="runner.TestRunner" name="runScenario" time="2.128"/>
  <system-out/>
  <testcase classname="runner.TestRunner" name="runScenario" time="0.274"/>
  <system-out/>
  <testcase classname="runner.TestRunner" name="runScenario" time="2.531"/>
  <system-out/>
  <testcase classname="runner.TestRunner" name="runScenario" time="1.946"/>
  <system-out/>
  <testcase classname="runner.TestRunner" name="runScenario" time="2.770"/>
  <system-out/>
  <testcase classname="runner.TestRunner" name="runScenario" time="2.254"/>
  <system-out/>
  <testcase classname="runner.TestRunner" name="runScenario" time="2.728"/>
  <system-out/>
  <testcase classname="runner.TestRunner" name="runScenario" time="1.665"/>
  <system-out/>
  <testcase classname="runner.TestRunner" name="runScenario" time="2.950"/>
  <system-out/>
  <testcase classname="runner.TestRunner" name="runScenario" time="1.324"/>
  <system-out/>
  <testcase classname="runner.TestRunner" name="runScenario" time="2.273"/>
  <system-out/>
  <testcase classname="runner.TestRunner" name="runScenario" time="2.485"/>
  <system-out/>
  <testcase classname="runner.TestRunner" name="runScenario" time="2.241"/>
  <system-out/>
  <testcase classname="runner.TestRunner" name="runScenario" time="3.396"/>
  <system-out/>
  <testcase classname="runner.TestRunner" name="runScenario" time="3.017"/>
  <system-out/>
  <testcase classname="runner.TestRunner" name="runScenario" time="0.913"/>
  <system-out/>
  <testcase classname="runner.TestRunner" name="runScenario" time="1.656"/>
  <system-out/>
  <testcase classname="runner.TestRunner" name="runScenario" time="2.357"/>
  <system-out/>
  <testcase classname="runner.TestRunner" name="runScenario" time="0.734"/>
  <system-out/>
  <testcase classname="runner.TestRunner" name="runScenario" time="3.116"/>
  <system-out/>
  <testcase classname="runner.TestRunner" name="runScenario" time="1.893"/>
  <system-out/>
  <testcase classname="runner.TestRunner" name="runScenario" time="2.069"/>
  <system-out/>
  <testcase classname="runner.TestRunner" name="runScenario" time="1.497"/>
  <system-out/>
  <testcase classname="runner.TestRunner" name="runScenario" time="2.190"/>
  <system-out/>
  <testcase classname="runner.TestRunner" name="runScenario" time="0.293"/>
  <system-out/>
  <testcase classname="runner.TestRunner" name="runScenario" time="1.716"/>
  <system-out/>
  <testcase classname="runner.TestRunner" name="runScenario" time="1.829"/>
  <system-out/>
  <testcase classname="runner.TestRunner" name="runScenario" time="2.219"/>
  <system-out/>
  <testcase classname="runner.TestRunner" name="runScenario" time="1.767"/>
  <system-out/>
  <testcase classname="runner.TestRunner" name="runScenario" time="1.306"/>
  <system-out/>
  <testcase classname="runner.TestRunner" name="runScenario" time="2.631"/>
  <system-out/>
  <testcase classname="runner.TestRunner" name="runScenario" time="1.843"/>
  <system-out/>
  <testcase classname="runner.TestRunner" name="runScenario" time="1.648"/>
  <system-out/>
  <testcase classname="runner.TestRunner" name="runScenario" time="2.659"/>
  <system-out/>
  <testcase classname="runner.TestRunner" name="runScenario" time="3.027"/>
  <system-out/>
  <testcase classname="runner.TestRunner" name="runScenario" time="1.031"/>
  <system-out/>
  <testcase classname="runner.TestRunner" name="runScenario" time="2.576"/>
  <system-out/>
  <testcase classname="runner.TestRunner" name="runScenario" time="2.058"/>
  <system-out/>
  <testcase classname="runner.TestRunner" name="runScenario" time="2.241"/>
  <system-out/>
  <testcase classname="runner.TestRunner" name="runScenario" time="2.003"/>
  <system-out/>
  <testcase classname="runner.TestRunner" name="runScenario" time="2.253"/>
  <system-out/>
  <testcase classname="runner.TestRunner" name="runScenario" time="0.840"/>
  <system-out/>
  <testcase classname="runner.TestRunner" name="runScenario" time="2.212"/>
  <system-out/>
  <testcase classname="runner.TestRunner" name="runScenario" time="2.985"/>
  <system-out/>
  <testcase classname="runner.TestRunner" name="runScenario" time="1.890"/>
  <system-out/>
  <testcase classname="runner.TestRunner" name="runScenario" time="2.268"/>
  <system-out/>
  <testcase classname="runner.TestRunner" name="runScenario" time="2.508"/>
  <system-out/>
  <testcase classname="runner.TestRunner" name="runScenario" time="1.957"/>
  <system-out/>
  <testcase classname="runner.TestRunner" name="runScenario" time="1.968"/>
  <system-out/>
  <testcase classname="runner.TestRunner" name="runScenario" time="1.854"/>
  <system-out/>
  <testcase classname="runner.TestRunner" name="runScenario" time="2.212"/>
  <system-out/>
  <testcase classname="runner.TestRunner" name="runScenario" time="1.539"/>
  <system-out/>
  <testcase classname="runner.TestRunner" name="runScenario" time="2.570"/>
  <system-out/>
  <testcase classname="runner.TestRunner" name="runScenario" time="1.597"/>
  <system-out/>
  <testcase classname="runner.TestRunner" name="runScenario" time="1.767"/>
  <system-out/>
  <testcase classname="runner.TestRunner" name="runScenario" time="1.484"/>
  <system-out/>
  <testcase classname="runner.TestRunner" name="runScenario" time="2.184"/>
  <system-out/>
  <testcase classname="runner.TestRunner" name="runScenario" time="1.597"/>
  <system-out/>
  <testcase classname="runner.TestRunner" name="runScenario" time="1.970"/>
  <system-out/>
  <testcase classname="runner.TestRunner" name="runScenario" time="1.912"/>
  <system-out/>
  <testcase classname="runner.TestRunner" name="runScenario" time="5.269"/>
  <system-out/>
  <testcase classname="runner.TestRunner" name="runScenario" time="1.776"/>
  <system-out/>
</testsuite> <!-- runner.TestRunner -->
